#
# There is insufficient memory for the Java Runtime Environment to continue.
# Native memory allocation (malloc) failed to allocate 32744 bytes for ChunkPool::allocate
# Possible reasons:
#   The system is out of physical RAM or swap space
#   The process is running with CompressedOops enabled, and the Java Heap may be blocking the growth of the native heap
# Possible solutions:
#   Reduce memory load on the system
#   Increase physical memory or swap space
#   Check if swap backing store is full
#   Decrease Java heap size (-Xmx/-Xms)
#   Decrease number of Java threads
#   Decrease Java thread stack sizes (-Xss)
#   Set larger code cache with -XX:ReservedCodeCacheSize=
#   JVM is running with Zero Based Compressed Oops mode in which the Java heap is
#     placed in the first 32GB address space. The Java Heap base address is the
#     maximum limit for the native heap growth. Please use -XX:HeapBaseMinAddress
#     to set the Java Heap base and to place the Java Heap above 32GB virtual address.
# This output file may be truncated or incomplete.
#
#  Out of Memory Error (allocation.cpp:272), pid=7964, tid=0x0000000000002418
#
# JRE version: Java(TM) SE Runtime Environment (8.0_221-b11) (build 1.8.0_221-b11)
# Java VM: Java HotSpot(TM) 64-Bit Server VM (25.221-b11 mixed mode windows-amd64 compressed oops)
# Failed to write core dump. Minidumps are not enabled by default on client versions of Windows
#

---------------  T H R E A D  ---------------

Current thread (0x000000001c13a000):  JavaThread "C1 CompilerThread2" daemon [_thread_in_native, id=9240, stack(0x000000001d980000,0x000000001da80000)]

Stack: [0x000000001d980000,0x000000001da80000]
[error occurred during error reporting (printing stack bounds), id 0xc0000005]

Native frames: (J=compiled Java code, j=interpreted, Vv=VM code, C=native code)


Current CompileTask:
C1:  52412 2648       3       java.util.HashMap::resize (359 bytes)


---------------  P R O C E S S  ---------------

Java Threads: ( => current thread )
  0x000000001f343000 JavaThread "Okio Watchdog" daemon [_thread_blocked, id=6620, stack(0x0000000023460000,0x0000000023560000)]
  0x000000001f342800 JavaThread "OkHttp ConnectionPool" daemon [_thread_blocked, id=8032, stack(0x0000000023360000,0x0000000023460000)]
  0x000000001dc1b800 JavaThread "Exec Stream Pumper" daemon [_thread_in_native, id=3000, stack(0x0000000021e60000,0x0000000021f60000)]
  0x000000001f3ec000 JavaThread "Exec Stream Pumper" daemon [_thread_in_native, id=6680, stack(0x0000000021d60000,0x0000000021e60000)]
  0x000000001f3eb800 JavaThread "Exec Default Executor" daemon [_thread_in_native, id=15156, stack(0x0000000021b60000,0x0000000021c60000)]
  0x000000001e724000 JavaThread "ReaderThread" [_thread_in_native, id=11120, stack(0x000000001f850000,0x000000001f950000)]
  0x000000001c17e800 JavaThread "Service Thread" daemon [_thread_blocked, id=13376, stack(0x000000001de80000,0x000000001df80000)]
=>0x000000001c13a000 JavaThread "C1 CompilerThread2" daemon [_thread_in_native, id=9240, stack(0x000000001d980000,0x000000001da80000)]
  0x000000001c131000 JavaThread "C2 CompilerThread1" daemon [_thread_blocked, id=5132, stack(0x000000001d880000,0x000000001d980000)]
  0x000000001c129800 JavaThread "C2 CompilerThread0" daemon [_thread_blocked, id=4688, stack(0x000000001d780000,0x000000001d880000)]
  0x000000001c127800 JavaThread "Attach Listener" daemon [_thread_blocked, id=6096, stack(0x000000001d680000,0x000000001d780000)]
  0x000000001c127000 JavaThread "Signal Dispatcher" daemon [_thread_blocked, id=10336, stack(0x000000001d580000,0x000000001d680000)]
  0x0000000002b1e800 JavaThread "Finalizer" daemon [_thread_blocked, id=10776, stack(0x000000001d380000,0x000000001d480000)]
  0x0000000002b19000 JavaThread "Reference Handler" daemon [_thread_blocked, id=10868, stack(0x000000001d280000,0x000000001d380000)]
  0x0000000002a29800 JavaThread "main" [_thread_in_Java, id=13636, stack(0x0000000002920000,0x0000000002a20000)]

Other Threads:
  0x000000001c0e7800 VMThread [stack: 0x000000001d180000,0x000000001d280000] [id=7640]
  0x000000001db00000 WatcherThread [stack: 0x000000001df80000,0x000000001e080000] [id=11708]

VM state:not at safepoint (normal execution)

VM Mutex/Monitor currently owned by a thread: None

heap address: 0x00000006c1600000, size: 4074 MB, Compressed Oops mode: Zero based, Oop shift amount: 3
Narrow klass base: 0x0000000000000000, Narrow klass shift: 3
Compressed class space size: 1073741824 Address: 0x00000007c0000000

Heap:
 PSYoungGen      total 76288K, used 50303K [0x000000076b200000, 0x0000000774700000, 0x00000007c0000000)
  eden space 65536K, 76% used [0x000000076b200000,0x000000076e31ffd8,0x000000076f200000)
  from space 10752K, 0% used [0x000000076f200000,0x000000076f200000,0x000000076fc80000)
  to   space 10752K, 0% used [0x0000000773c80000,0x0000000773c80000,0x0000000774700000)
 ParOldGen       total 87552K, used 5536K [0x00000006c1600000, 0x00000006c6b80000, 0x000000076b200000)
  object space 87552K, 6% used [0x00000006c1600000,0x00000006c1b681d8,0x00000006c6b80000)
 Metaspace       used 27481K, capacity 28386K, committed 28672K, reserved 1075200K
  class space    used 3552K, capacity 3781K, committed 3840K, reserved 1048576K

Card table byte_map: [0x0000000011ee0000,0x00000000126e0000] byte_map_base: 0x000000000e8d5000

Marking Bits: (ParMarkBitMap*) 0x000000006f905ce0
 Begin Bits: [0x0000000013030000, 0x0000000016fd8000)
 End Bits:   [0x0000000016fd8000, 0x000000001af80000)

Polling page: 0x0000000000f50000

CodeCache: size=245760Kb used=8884Kb max_used=8896Kb free=236875Kb
 bounds [0x0000000002b20000, 0x00000000033e0000, 0x0000000011b20000]
 total_blobs=3084 nmethods=2647 adapters=349
 compilation: enabled

Compilation events (10 events):
Event: 52.404 Thread 0x000000001c13a000 2643       3       com.google.common.base.CharMatcher$JavaIsoControl::matches (25 bytes)
Event: 52.404 Thread 0x000000001c13a000 nmethod 2643 0x00000000033d25d0 code [0x00000000033d2720, 0x00000000033d2950]
Event: 52.404 Thread 0x000000001c13a000 2644       3       com.google.common.base.CharMatcher$IsNot::matches (14 bytes)
Event: 52.405 Thread 0x000000001c13a000 nmethod 2644 0x00000000033d2250 code [0x00000000033d23a0, 0x00000000033d2550]
Event: 52.405 Thread 0x000000001c131000 2645   !   4       java.util.AbstractList$Itr::next (45 bytes)
Event: 52.406 Thread 0x000000001c129800 2646       4       java.util.jar.Attributes$Name::hashCode (24 bytes)
Event: 52.407 Thread 0x000000001c131000 nmethod 2645 0x00000000033d0810 code [0x00000000033d0980, 0x00000000033d0b38]
Event: 52.408 Thread 0x000000001c13a000 2647  s    3       java.io.ExpiringCache::get (39 bytes)
Event: 52.408 Thread 0x000000001c13a000 nmethod 2647 0x00000000033d0110 code [0x00000000033d02a0, 0x00000000033d06d8]
Event: 52.409 Thread 0x000000001c13a000 2648       3       java.util.HashMap::resize (359 bytes)

GC Heap History (8 events):
Event: 1.455 GC heap before
{Heap before GC invocations=1 (full 0):
 PSYoungGen      total 76288K, used 65536K [0x000000076b200000, 0x0000000770700000, 0x00000007c0000000)
  eden space 65536K, 100% used [0x000000076b200000,0x000000076f200000,0x000000076f200000)
  from space 10752K, 0% used [0x000000076fc80000,0x000000076fc80000,0x0000000770700000)
  to   space 10752K, 0% used [0x000000076f200000,0x000000076f200000,0x000000076fc80000)
 ParOldGen       total 175104K, used 0K [0x00000006c1600000, 0x00000006cc100000, 0x000000076b200000)
  object space 175104K, 0% used [0x00000006c1600000,0x00000006c1600000,0x00000006cc100000)
 Metaspace       used 11500K, capacity 11704K, committed 11904K, reserved 1058816K
  class space    used 1476K, capacity 1552K, committed 1664K, reserved 1048576K
Event: 1.464 GC heap after
Heap after GC invocations=1 (full 0):
 PSYoungGen      total 76288K, used 8081K [0x000000076b200000, 0x0000000770700000, 0x00000007c0000000)
  eden space 65536K, 0% used [0x000000076b200000,0x000000076b200000,0x000000076f200000)
  from space 10752K, 75% used [0x000000076f200000,0x000000076f9e4738,0x000000076fc80000)
  to   space 10752K, 0% used [0x000000076fc80000,0x000000076fc80000,0x0000000770700000)
 ParOldGen       total 175104K, used 8K [0x00000006c1600000, 0x00000006cc100000, 0x000000076b200000)
  object space 175104K, 0% used [0x00000006c1600000,0x00000006c1602000,0x00000006cc100000)
 Metaspace       used 11500K, capacity 11704K, committed 11904K, reserved 1058816K
  class space    used 1476K, capacity 1552K, committed 1664K, reserved 1048576K
}
Event: 2.680 GC heap before
{Heap before GC invocations=2 (full 0):
 PSYoungGen      total 76288K, used 73617K [0x000000076b200000, 0x0000000770700000, 0x00000007c0000000)
  eden space 65536K, 100% used [0x000000076b200000,0x000000076f200000,0x000000076f200000)
  from space 10752K, 75% used [0x000000076f200000,0x000000076f9e4738,0x000000076fc80000)
  to   space 10752K, 0% used [0x000000076fc80000,0x000000076fc80000,0x0000000770700000)
 ParOldGen       total 175104K, used 8K [0x00000006c1600000, 0x00000006cc100000, 0x000000076b200000)
  object space 175104K, 0% used [0x00000006c1600000,0x00000006c1602000,0x00000006cc100000)
 Metaspace       used 20459K, capacity 20756K, committed 20992K, reserved 1067008K
  class space    used 2631K, capacity 2714K, committed 2816K, reserved 1048576K
Event: 2.692 GC heap after
Heap after GC invocations=2 (full 0):
 PSYoungGen      total 76288K, used 10420K [0x000000076b200000, 0x0000000770700000, 0x00000007c0000000)
  eden space 65536K, 0% used [0x000000076b200000,0x000000076b200000,0x000000076f200000)
  from space 10752K, 96% used [0x000000076fc80000,0x00000007706ad0f8,0x0000000770700000)
  to   space 10752K, 0% used [0x000000076f200000,0x000000076f200000,0x000000076fc80000)
 ParOldGen       total 175104K, used 16K [0x00000006c1600000, 0x00000006cc100000, 0x000000076b200000)
  object space 175104K, 0% used [0x00000006c1600000,0x00000006c1604000,0x00000006cc100000)
 Metaspace       used 20459K, capacity 20756K, committed 20992K, reserved 1067008K
  class space    used 2631K, capacity 2714K, committed 2816K, reserved 1048576K
}
Event: 2.745 GC heap before
{Heap before GC invocations=3 (full 0):
 PSYoungGen      total 76288K, used 15591K [0x000000076b200000, 0x0000000770700000, 0x00000007c0000000)
  eden space 65536K, 7% used [0x000000076b200000,0x000000076b70cb68,0x000000076f200000)
  from space 10752K, 96% used [0x000000076fc80000,0x00000007706ad0f8,0x0000000770700000)
  to   space 10752K, 0% used [0x000000076f200000,0x000000076f200000,0x000000076fc80000)
 ParOldGen       total 175104K, used 16K [0x00000006c1600000, 0x00000006cc100000, 0x000000076b200000)
  object space 175104K, 0% used [0x00000006c1600000,0x00000006c1604000,0x00000006cc100000)
 Metaspace       used 20813K, capacity 21108K, committed 21248K, reserved 1067008K
  class space    used 2677K, capacity 2810K, committed 2816K, reserved 1048576K
Event: 2.752 GC heap after
Heap after GC invocations=3 (full 0):
 PSYoungGen      total 76288K, used 5605K [0x000000076b200000, 0x0000000774700000, 0x00000007c0000000)
  eden space 65536K, 0% used [0x000000076b200000,0x000000076b200000,0x000000076f200000)
  from space 10752K, 52% used [0x000000076f200000,0x000000076f7797f8,0x000000076fc80000)
  to   space 10752K, 0% used [0x0000000773c80000,0x0000000773c80000,0x0000000774700000)
 ParOldGen       total 175104K, used 24K [0x00000006c1600000, 0x00000006cc100000, 0x000000076b200000)
  object space 175104K, 0% used [0x00000006c1600000,0x00000006c1606000,0x00000006cc100000)
 Metaspace       used 20813K, capacity 21108K, committed 21248K, reserved 1067008K
  class space    used 2677K, capacity 2810K, committed 2816K, reserved 1048576K
}
Event: 2.752 GC heap before
{Heap before GC invocations=4 (full 1):
 PSYoungGen      total 76288K, used 5605K [0x000000076b200000, 0x0000000774700000, 0x00000007c0000000)
  eden space 65536K, 0% used [0x000000076b200000,0x000000076b200000,0x000000076f200000)
  from space 10752K, 52% used [0x000000076f200000,0x000000076f7797f8,0x000000076fc80000)
  to   space 10752K, 0% used [0x0000000773c80000,0x0000000773c80000,0x0000000774700000)
 ParOldGen       total 175104K, used 24K [0x00000006c1600000, 0x00000006cc100000, 0x000000076b200000)
  object space 175104K, 0% used [0x00000006c1600000,0x00000006c1606000,0x00000006cc100000)
 Metaspace       used 20813K, capacity 21108K, committed 21248K, reserved 1067008K
  class space    used 2677K, capacity 2810K, committed 2816K, reserved 1048576K
Event: 2.787 GC heap after
Heap after GC invocations=4 (full 1):
 PSYoungGen      total 76288K, used 0K [0x000000076b200000, 0x0000000774700000, 0x00000007c0000000)
  eden space 65536K, 0% used [0x000000076b200000,0x000000076b200000,0x000000076f200000)
  from space 10752K, 0% used [0x000000076f200000,0x000000076f200000,0x000000076fc80000)
  to   space 10752K, 0% used [0x0000000773c80000,0x0000000773c80000,0x0000000774700000)
 ParOldGen       total 87552K, used 5536K [0x00000006c1600000, 0x00000006c6b80000, 0x000000076b200000)
  object space 87552K, 6% used [0x00000006c1600000,0x00000006c1b681d8,0x00000006c6b80000)
 Metaspace       used 20813K, capacity 21108K, committed 21248K, reserved 1067008K
  class space    used 2677K, capacity 2810K, committed 2816K, reserved 1048576K
}

Deoptimization events (10 events):
Event: 4.558 Thread 0x0000000002a29800 Uncommon trap: reason=bimorphic action=maybe_recompile pc=0x0000000002fafa0c method=java.util.regex.Matcher.search(I)Z @ 86
Event: 4.558 Thread 0x0000000002a29800 Uncommon trap: reason=bimorphic action=maybe_recompile pc=0x0000000002fafa0c method=java.util.regex.Matcher.search(I)Z @ 86
Event: 4.558 Thread 0x0000000002a29800 Uncommon trap: reason=bimorphic action=maybe_recompile pc=0x0000000002fafa0c method=java.util.regex.Matcher.search(I)Z @ 86
Event: 4.641 Thread 0x0000000002a29800 Uncommon trap: reason=unstable_if action=reinterpret pc=0x000000000320ccdc method=java.lang.CharacterDataLatin1.digit(II)I @ 82
Event: 5.966 Thread 0x000000001f3ec000 Uncommon trap: reason=unstable_if action=reinterpret pc=0x000000000339b340 method=org.openqa.selenium.io.CircularOutputStream.write(I)V @ 9
Event: 5.970 Thread 0x000000001f3ec000 Uncommon trap: reason=unstable_if action=reinterpret pc=0x000000000339ca94 method=org.openqa.selenium.io.CircularOutputStream.write(I)V @ 26
Event: 5.974 Thread 0x000000001f3ec000 Uncommon trap: reason=unstable_if action=reinterpret pc=0x000000000339d9a4 method=org.openqa.selenium.io.CircularOutputStream.write(I)V @ 52
Event: 7.968 Thread 0x000000001f3ec000 Uncommon trap: reason=unstable_if action=reinterpret pc=0x00000000033a2e68 method=org.openqa.selenium.io.CircularOutputStream.write(I)V @ 52
Event: 52.405 Thread 0x0000000002a29800 Uncommon trap: reason=unstable_if action=reinterpret pc=0x0000000003074294 method=java.util.HashMap.putVal(ILjava/lang/Object;Ljava/lang/Object;ZZ)Ljava/lang/Object; @ 162
Event: 52.405 Thread 0x0000000002a29800 Uncommon trap: reason=unstable_if action=reinterpret pc=0x0000000002fdf2e0 method=java.util.HashMap.resize()[Ljava/util/HashMap$Node; @ 206

Classes redefined (0 events):
No events

Internal exceptions (10 events):
Event: 2.423 Thread 0x0000000002a29800 Implicit null exception at 0x0000000002e4273b to 0x0000000002e42e51
Event: 2.793 Thread 0x0000000002a29800 Exception <a 'java/lang/NoSuchMethodError': java.lang.Object.lambda$static$0(Ljava/time/Duration;)V> (0x000000076b2579d0) thrown at [C:\re\workspace\8-2-build-windows-amd64-cygwin\jdk8u221\13320\hotspot\src\share\vm\interpreter\linkResolver.cpp, line 620]
Event: 4.456 Thread 0x0000000002a29800 Exception <a 'java/lang/NoSuchMethodError': java.lang.Object.lambda$chars$0()Ljava/util/Spliterator$OfInt;> (0x000000076d3816a0) thrown at [C:\re\workspace\8-2-build-windows-amd64-cygwin\jdk8u221\13320\hotspot\src\share\vm\interpreter\linkResolver.cpp, li
Event: 4.472 Thread 0x0000000002a29800 Exception <a 'java/lang/IncompatibleClassChangeError': Found class java.lang.Object, but interface was expected> (0x000000076d428438) thrown at [C:\re\workspace\8-2-build-windows-amd64-cygwin\jdk8u221\13320\hotspot\src\share\vm\interpreter\linkResolver.cp
Event: 4.474 Thread 0x0000000002a29800 Exception <a 'java/lang/NoSuchMethodError': java.lang.Object.lambda$or$2(Ljava/util/function/Predicate;Ljava/lang/Object;)Z> (0x000000076d4332f8) thrown at [C:\re\workspace\8-2-build-windows-amd64-cygwin\jdk8u221\13320\hotspot\src\share\vm\interpreter\lin
Event: 8.870 Thread 0x0000000002a29800 Exception <a 'java/net/SocketTimeoutException': Read timed out> (0x000000076e129df0) thrown at [C:\re\workspace\8-2-build-windows-amd64-cygwin\jdk8u221\13320\hotspot\src\share\vm\prims\jni.cpp, line 736]
Event: 8.881 Thread 0x0000000002a29800 Exception <a 'java/net/SocketTimeoutException': Read timed out> (0x000000076e169188) thrown at [C:\re\workspace\8-2-build-windows-amd64-cygwin\jdk8u221\13320\hotspot\src\share\vm\prims\jni.cpp, line 736]
Event: 52.339 Thread 0x0000000002a29800 Exception <a 'java/net/SocketTimeoutException': Read timed out> (0x000000076e1829e0) thrown at [C:\re\workspace\8-2-build-windows-amd64-cygwin\jdk8u221\13320\hotspot\src\share\vm\prims\jni.cpp, line 736]
Event: 52.363 Thread 0x0000000002a29800 Exception <a 'java/net/SocketTimeoutException': Read timed out> (0x000000076e1dabc0) thrown at [C:\re\workspace\8-2-build-windows-amd64-cygwin\jdk8u221\13320\hotspot\src\share\vm\prims\jni.cpp, line 736]
Event: 52.398 Thread 0x0000000002a29800 Exception <a 'java/net/SocketTimeoutException': Read timed out> (0x000000076e210068) thrown at [C:\re\workspace\8-2-build-windows-amd64-cygwin\jdk8u221\13320\hotspot\src\share\vm\prims\jni.cpp, line 736]

Events (10 events):
Event: 52.406 loading class org/openqa/selenium/support/ui/FluentWait
Event: 52.406 loading class org/openqa/selenium/support/ui/FluentWait done
Event: 52.407 Executing VM operation: CollectForMetadataAllocation
Event: 52.407 Executing VM operation: CollectForMetadataAllocation done
Event: 52.407 loading class net/thucydides/core/fluent/ThucydidesFluentAdapter
Event: 52.407 loading class net/thucydides/core/fluent/ThucydidesFluentAdapter done
Event: 52.407 loading class org/fluentlenium/core/FluentAdapter
Event: 52.407 loading class org/fluentlenium/core/FluentAdapter done
Event: 52.410 loading class org/fluentlenium/core/Fluent
Event: 52.410 loading class org/fluentlenium/core/Fluent done


Dynamic libraries:
0x00007ff76f1f0000 - 0x00007ff76f227000 	C:\Program Files\Java\jre1.8.0_221\bin\javaw.exe
0x00007ffd5a020000 - 0x00007ffd5a210000 	C:\WINDOWS\SYSTEM32\ntdll.dll
0x00007ffd58490000 - 0x00007ffd58542000 	C:\WINDOWS\System32\KERNEL32.DLL
0x00007ffd57240000 - 0x00007ffd574e4000 	C:\WINDOWS\System32\KERNELBASE.dll
0x00007ffd58dd0000 - 0x00007ffd58e73000 	C:\WINDOWS\System32\ADVAPI32.dll
0x00007ffd583c0000 - 0x00007ffd5845e000 	C:\WINDOWS\System32\msvcrt.dll
0x00007ffd59e70000 - 0x00007ffd59f07000 	C:\WINDOWS\System32\sechost.dll
0x00007ffd59c90000 - 0x00007ffd59db0000 	C:\WINDOWS\System32\RPCRT4.dll
0x00007ffd591c0000 - 0x00007ffd59354000 	C:\WINDOWS\System32\USER32.dll
0x00007ffd574f0000 - 0x00007ffd57511000 	C:\WINDOWS\System32\win32u.dll
0x00007ffd58460000 - 0x00007ffd58486000 	C:\WINDOWS\System32\GDI32.dll
0x00007ffd57520000 - 0x00007ffd576b5000 	C:\WINDOWS\System32\gdi32full.dll
0x00007ffd571a0000 - 0x00007ffd5723e000 	C:\WINDOWS\System32\msvcp_win.dll
0x00007ffd577d0000 - 0x00007ffd578ca000 	C:\WINDOWS\System32\ucrtbase.dll
0x00007ffd48f90000 - 0x00007ffd49214000 	C:\WINDOWS\WinSxS\amd64_microsoft.windows.common-controls_6595b64144ccf1df_6.0.18362.900_none_e6beb9d913147d17\COMCTL32.dll
0x00007ffd58e80000 - 0x00007ffd591b5000 	C:\WINDOWS\System32\combase.dll
0x00007ffd58050000 - 0x00007ffd580d0000 	C:\WINDOWS\System32\bcryptPrimitives.dll
0x00007ffd59650000 - 0x00007ffd5967e000 	C:\WINDOWS\System32\IMM32.DLL
0x000000006fa20000 - 0x000000006faf2000 	C:\Program Files\Java\jre1.8.0_221\bin\msvcr100.dll
0x000000006f0e0000 - 0x000000006f985000 	C:\Program Files\Java\jre1.8.0_221\bin\server\jvm.dll
0x00007ffd586c0000 - 0x00007ffd586c8000 	C:\WINDOWS\System32\PSAPI.DLL
0x00007ffd53a20000 - 0x00007ffd53a44000 	C:\WINDOWS\SYSTEM32\WINMM.dll
0x00007ffd52f80000 - 0x00007ffd52f89000 	C:\WINDOWS\SYSTEM32\WSOCK32.dll
0x00007ffd59c20000 - 0x00007ffd59c8f000 	C:\WINDOWS\System32\WS2_32.dll
0x00007ffd48250000 - 0x00007ffd4825a000 	C:\WINDOWS\SYSTEM32\VERSION.dll
0x00007ffd539f0000 - 0x00007ffd53a1d000 	C:\WINDOWS\SYSTEM32\winmmbase.dll
0x00007ffd57150000 - 0x00007ffd5719a000 	C:\WINDOWS\System32\cfgmgr32.dll
0x00007ffd52b90000 - 0x00007ffd52b9f000 	C:\Program Files\Java\jre1.8.0_221\bin\verify.dll
0x00007ffd50c20000 - 0x00007ffd50c49000 	C:\Program Files\Java\jre1.8.0_221\bin\java.dll
0x00007ffd52540000 - 0x00007ffd52556000 	C:\Program Files\Java\jre1.8.0_221\bin\zip.dll
0x00007ffd586d0000 - 0x00007ffd58db6000 	C:\WINDOWS\System32\SHELL32.dll
0x00007ffd580f0000 - 0x00007ffd58199000 	C:\WINDOWS\System32\shcore.dll
0x00007ffd578d0000 - 0x00007ffd58050000 	C:\WINDOWS\System32\windows.storage.dll
0x00007ffd56ef0000 - 0x00007ffd56f13000 	C:\WINDOWS\System32\profapi.dll
0x00007ffd56f40000 - 0x00007ffd56f8a000 	C:\WINDOWS\System32\powrprof.dll
0x00007ffd56ee0000 - 0x00007ffd56ef0000 	C:\WINDOWS\System32\UMPDC.dll
0x00007ffd59680000 - 0x00007ffd596d2000 	C:\WINDOWS\System32\shlwapi.dll
0x00007ffd56f90000 - 0x00007ffd56fa1000 	C:\WINDOWS\System32\kernel.appcore.dll
0x00007ffd57100000 - 0x00007ffd57117000 	C:\WINDOWS\System32\cryptsp.dll
0x00007ffd504c0000 - 0x00007ffd504da000 	C:\Program Files\Java\jre1.8.0_221\bin\net.dll
0x00007ffd4b1d0000 - 0x00007ffd4b3a6000 	C:\WINDOWS\SYSTEM32\urlmon.dll
0x00007ffd4b9e0000 - 0x00007ffd4bc86000 	C:\WINDOWS\SYSTEM32\iertutil.dll
0x00007ffd56920000 - 0x00007ffd5692c000 	C:\WINDOWS\SYSTEM32\CRYPTBASE.DLL
0x00007ffd56750000 - 0x00007ffd567b7000 	C:\WINDOWS\system32\mswsock.dll
0x00007ffd504a0000 - 0x00007ffd504b2000 	C:\Program Files\Java\jre1.8.0_221\bin\nio.dll
0x00007ffd564a0000 - 0x00007ffd5656b000 	C:\WINDOWS\SYSTEM32\DNSAPI.dll
0x00007ffd583b0000 - 0x00007ffd583b8000 	C:\WINDOWS\System32\NSI.dll
0x00007ffd56460000 - 0x00007ffd5649a000 	C:\WINDOWS\SYSTEM32\IPHLPAPI.DLL
0x00007ffd48050000 - 0x00007ffd4805a000 	C:\Windows\System32\rasadhlp.dll
0x00007ffd4aba0000 - 0x00007ffd4ac17000 	C:\WINDOWS\System32\fwpuclnt.dll
0x00007ffd57120000 - 0x00007ffd57146000 	C:\WINDOWS\System32\bcrypt.dll
0x00007ffd358d0000 - 0x00007ffd358f4000 	C:\Program Files\Java\jre1.8.0_221\bin\sunec.dll
0x00007ffd4ef20000 - 0x00007ffd4ef2b000 	C:\Program Files\Java\jre1.8.0_221\bin\sunmscapi.dll
0x00007ffd56fb0000 - 0x00007ffd570f9000 	C:\WINDOWS\System32\CRYPT32.dll
0x00007ffd56f20000 - 0x00007ffd56f32000 	C:\WINDOWS\System32\MSASN1.dll
0x00007ffd4ae40000 - 0x00007ffd4ae56000 	C:\WINDOWS\SYSTEM32\dhcpcsvc6.DLL
0x00007ffd4b810000 - 0x00007ffd4b82c000 	C:\WINDOWS\SYSTEM32\dhcpcsvc.DLL
0x00007ffd562c0000 - 0x00007ffd562f3000 	C:\WINDOWS\system32\rsaenh.dll
0x00007ffd56e00000 - 0x00007ffd56e25000 	C:\WINDOWS\SYSTEM32\USERENV.dll

VM Arguments:
jvm_args: -ea -Dfile.encoding=UTF-8 
java_command: org.eclipse.jdt.internal.junit.runner.RemoteTestRunner -version 3 -port 60403 -testLoaderClass org.eclipse.jdt.internal.junit4.runner.JUnit4TestLoader -loaderpluginname org.eclipse.jdt.junit4.runtime -classNames net.thucydides.showcase.cucumber.TestRunner
java_class_path (initial): C:\Users\Dell\git\ServiceNow_Serenity\target\test-classes;C:\Users\Dell\git\ServiceNow_Serenity\target\classes;C:\Users\Dell\.m2\repository\net\serenity-bdd\serenity-core\1.9.31\serenity-core-1.9.31.jar;C:\Users\Dell\.m2\repository\com\google\guava\guava\25.0-jre\guava-25.0-jre.jar;C:\Users\Dell\.m2\repository\com\google\code\findbugs\jsr305\1.3.9\jsr305-1.3.9.jar;C:\Users\Dell\.m2\repository\org\checkerframework\checker-compat-qual\2.0.0\checker-compat-qual-2.0.0.jar;C:\Users\Dell\.m2\repository\com\google\errorprone\error_prone_annotations\2.1.3\error_prone_annotations-2.1.3.jar;C:\Users\Dell\.m2\repository\com\google\j2objc\j2objc-annotations\1.1\j2objc-annotations-1.1.jar;C:\Users\Dell\.m2\repository\org\codehaus\mojo\animal-sniffer-annotations\1.14\animal-sniffer-annotations-1.14.jar;C:\Users\Dell\.m2\repository\com\google\inject\guice\4.2.0\guice-4.2.0.jar;C:\Users\Dell\.m2\repository\javax\inject\javax.inject\1\javax.inject-1.jar;C:\Users\Dell\.m2\repository\aopalliance\aopalliance\1.0\aopalliance-1.0.jar;C:\Users\Dell\.m2\repository\cglib\cglib\3.2.5\cglib-3.2.5.jar;C:\Users\Dell\.m2\repository\org\apache\ant\ant\1.9.6\ant-1.9.6.jar;C:\Users\Dell\.m2\repository\org\apache\ant\ant-launcher\1.9.6\ant-launcher-1.9.6.jar;C:\Users\Dell\.m2\repository\org\ow2\asm\asm\5.0.3\asm-5.0.3.jar;C:\Users\Dell\.m2\repository\commons-codec\commons-codec\1.10\commons-codec-1.10.jar;C:\Users\Dell\.m2\repository\org\objenesis\objenesis\2.6\objenesis-2.6.jar;C:\Users\Dell\.m2\repository\org\slf4j\slf4j-api\1.7.21\slf4j-api-1.7.21.jar;C:\Users\Dell\.m2\repository\xml-apis\xml-apis\1.4.01\xml-apis-1.4.01.jar;C:\Users\Dell\.m2\repository\io\cucumber\cucumber-core\2.4.0\cucumber-core-2.4.0.jar;C:\Users\Dell\.m2\repository\info\cukes\cucumber-html\0.2.6\cucumber-html-0.2.6.jar;C:\Users\Dell\.m2\repository\io\cucumber\cucumber-jvm-deps\1.0.6\cucumber-jvm-deps-1.0.6.jar;C:\Users\Dell\.m2\repository\io\cucumber\gherkin\5.0.0\gherkin-5.0.0.jar;C:\Users\Dell\.
Launcher Type: SUN_STANDARD

Environment Variables:
PATH=C:/Program Files/Java/jre1.8.0_221/bin/server;C:/Program Files/Java/jre1.8.0_221/bin;C:/Program Files/Java/jre1.8.0_221/lib/amd64;C:\Program Files (x86)\Common Files\Oracle\Java\javapath;C:\WINDOWS\system32;C:\WINDOWS;C:\WINDOWS\System32\Wbem;C:\WINDOWS\System32\WindowsPowerShell\v1.0\;C:\WINDOWS\System32\OpenSSH\;C:\Users\Dell\AppData\Local\Programs\Python\Python37-32\python.exe;C:\Program Files\Java\jdk1.8.0_221\bin;C:\Program Files\maven\apache-maven-3.6.3\bin;C:\Program Files\Git\cmd;C:\Users\Dell\AppData\Local\Microsoft\WindowsApps;C:\Users\Dell\AppData\Local\Programs\Python\Python37-32\python.exe;;C:\Users\Dell\Downloads\eclipse-jee-neon-3-win32-x86_64\eclipse;
USERNAME=Dell
OS=Windows_NT
PROCESSOR_IDENTIFIER=Intel64 Family 6 Model 69 Stepping 1, GenuineIntel



---------------  S Y S T E M  ---------------

OS: Windows 10.0 , 64 bit Build 18362 (10.0.18362.900)

CPU:total 4 (initial active 4) (2 cores per cpu, 2 threads per core) family 6 model 69 stepping 1, cmov, cx8, fxsr, mmx, sse, sse2, sse3, ssse3, sse4.1, sse4.2, popcnt, avx, avx2, aes, clmul, erms, lzcnt, ht, tsc, tscinvbit, bmi1, bmi2

Memory: 4k page, physical 16680412k(2799916k free), swap 47804356k(1252k free)

vm_info: Java HotSpot(TM) 64-Bit Server VM (25.221-b11) for windows-amd64 JRE (1.8.0_221-b11), built on Jul  4 2019 04:39:29 by "java_re" with MS VC++ 10.0 (VS2010)

time: Fri Jun 12 21:14:26 2020
timezone: India Standard Time
elapsed time: 52 seconds (0d 0h 0m 52s)

