#
# There is insufficient memory for the Java Runtime Environment to continue.
# Native memory allocation (malloc) failed to allocate 106640 bytes for Chunk::new
# Possible reasons:
#   The system is out of physical RAM or swap space
#   The process is running with CompressedOops enabled, and the Java Heap may be blocking the growth of the native heap
# Possible solutions:
#   Reduce memory load on the system
#   Increase physical memory or swap space
#   Check if swap backing store is full
#   Decrease Java heap size (-Xmx/-Xms)
#   Decrease number of Java threads
#   Decrease Java thread stack sizes (-Xss)
#   Set larger code cache with -XX:ReservedCodeCacheSize=
#   JVM is running with Zero Based Compressed Oops mode in which the Java heap is
#     placed in the first 32GB address space. The Java Heap base address is the
#     maximum limit for the native heap growth. Please use -XX:HeapBaseMinAddress
#     to set the Java Heap base and to place the Java Heap above 32GB virtual address.
# This output file may be truncated or incomplete.
#
#  Out of Memory Error (allocation.cpp:389), pid=13824, tid=0x0000000000003d48
#
# JRE version: Java(TM) SE Runtime Environment (8.0_221-b11) (build 1.8.0_221-b11)
# Java VM: Java HotSpot(TM) 64-Bit Server VM (25.221-b11 mixed mode windows-amd64 compressed oops)
# Failed to write core dump. Minidumps are not enabled by default on client versions of Windows
#

---------------  T H R E A D  ---------------

Current thread (0x000000001c7bc000):  JavaThread "C2 CompilerThread1" daemon [_thread_in_native, id=15688, stack(0x000000001def0000,0x000000001dff0000)]

Stack: [0x000000001def0000,0x000000001dff0000]
[error occurred during error reporting (printing stack bounds), id 0xc0000005]

Native frames: (J=compiled Java code, j=interpreted, Vv=VM code, C=native code)


Current CompileTask:
C2:  34454 2687       4       sun.nio.cs.UTF_8$Decoder::decodeArrayLoop (691 bytes)


---------------  P R O C E S S  ---------------

Java Threads: ( => current thread )
  0x00000000209d6000 JavaThread "Darkroom Processing Line" daemon [_thread_blocked, id=10448, stack(0x0000000023c40000,0x0000000023d40000)]
  0x00000000209d8000 JavaThread "Okio Watchdog" daemon [_thread_blocked, id=12508, stack(0x0000000024040000,0x0000000024140000)]
  0x00000000209d5000 JavaThread "OkHttp ConnectionPool" daemon [_thread_blocked, id=13764, stack(0x0000000023f40000,0x0000000024040000)]
  0x0000000020ae6800 JavaThread "Exec Stream Pumper" daemon [_thread_in_native, id=6912, stack(0x0000000023b40000,0x0000000023c40000)]
  0x0000000020ae5800 JavaThread "Exec Stream Pumper" daemon [_thread_in_native, id=1212, stack(0x00000000225d0000,0x00000000226d0000)]
  0x0000000020ae2000 JavaThread "Exec Default Executor" daemon [_thread_in_native, id=16320, stack(0x0000000021990000,0x0000000021a90000)]
  0x0000000020ce7800 JavaThread "Exec Stream Pumper" daemon [_thread_in_native, id=11340, stack(0x0000000022870000,0x0000000022970000)]
  0x00000000212cd000 JavaThread "Exec Stream Pumper" daemon [_thread_in_native, id=5712, stack(0x0000000022770000,0x0000000022870000)]
  0x0000000020ae0800 JavaThread "Exec Default Executor" daemon [_thread_in_native, id=14760, stack(0x00000000221d0000,0x00000000222d0000)]
  0x000000001eea6800 JavaThread "ReaderThread" [_thread_in_native, id=14208, stack(0x000000001fec0000,0x000000001ffc0000)]
  0x000000001e130000 JavaThread "Service Thread" daemon [_thread_blocked, id=2524, stack(0x000000001e4f0000,0x000000001e5f0000)]
  0x000000001c7c3800 JavaThread "C1 CompilerThread2" daemon [_thread_blocked, id=9468, stack(0x000000001dff0000,0x000000001e0f0000)]
=>0x000000001c7bc000 JavaThread "C2 CompilerThread1" daemon [_thread_in_native, id=15688, stack(0x000000001def0000,0x000000001dff0000)]
  0x000000001c7b0000 JavaThread "C2 CompilerThread0" daemon [_thread_in_native, id=15104, stack(0x000000001ddf0000,0x000000001def0000)]
  0x000000001c7ae000 JavaThread "Attach Listener" daemon [_thread_blocked, id=8448, stack(0x000000001dcf0000,0x000000001ddf0000)]
  0x000000001c7ac800 JavaThread "Signal Dispatcher" daemon [_thread_blocked, id=3480, stack(0x000000001dbf0000,0x000000001dcf0000)]
  0x000000001c790000 JavaThread "Finalizer" daemon [_thread_blocked, id=3776, stack(0x000000001d9f0000,0x000000001daf0000)]
  0x0000000003199000 JavaThread "Reference Handler" daemon [_thread_blocked, id=9860, stack(0x000000001d8f0000,0x000000001d9f0000)]
  0x00000000030aa000 JavaThread "main" [_thread_in_Java, id=8384, stack(0x0000000002f70000,0x0000000003070000)]

Other Threads:
  0x000000001c768000 VMThread [stack: 0x000000001d7f0000,0x000000001d8f0000] [id=11232]
  0x000000001e192000 WatcherThread [stack: 0x000000001e5f0000,0x000000001e6f0000] [id=9632]

VM state:not at safepoint (normal execution)

VM Mutex/Monitor currently owned by a thread: None

heap address: 0x00000006c1600000, size: 4074 MB, Compressed Oops mode: Zero based, Oop shift amount: 3
Narrow klass base: 0x0000000000000000, Narrow klass shift: 3
Compressed class space size: 1073741824 Address: 0x00000007c0000000

Heap:
 PSYoungGen      total 76288K, used 58884K [0x000000076b200000, 0x0000000774700000, 0x00000007c0000000)
  eden space 65536K, 89% used [0x000000076b200000,0x000000076eb81108,0x000000076f200000)
  from space 10752K, 0% used [0x000000076f200000,0x000000076f200000,0x000000076fc80000)
  to   space 10752K, 0% used [0x0000000773c80000,0x0000000773c80000,0x0000000774700000)
 ParOldGen       total 84480K, used 5575K [0x00000006c1600000, 0x00000006c6880000, 0x000000076b200000)
  object space 84480K, 6% used [0x00000006c1600000,0x00000006c1b71c38,0x00000006c6880000)
 Metaspace       used 28119K, capacity 29160K, committed 29312K, reserved 1077248K
  class space    used 3646K, capacity 3922K, committed 3968K, reserved 1048576K

Card table byte_map: [0x0000000012560000,0x0000000012d60000] byte_map_base: 0x000000000ef55000

Marking Bits: (ParMarkBitMap*) 0x000000006e8d5ce0
 Begin Bits: [0x00000000136b0000, 0x0000000017658000)
 End Bits:   [0x0000000017658000, 0x000000001b600000)

Polling page: 0x0000000001200000

CodeCache: size=245760Kb used=9063Kb max_used=9063Kb free=236696Kb
 bounds [0x00000000031a0000, 0x0000000003a80000, 0x00000000121a0000]
 total_blobs=3129 nmethods=2692 adapters=349
 compilation: enabled

Compilation events (10 events):
Event: 34.437 Thread 0x000000001c7bc000 2687       4       sun.nio.cs.UTF_8$Decoder::decodeArrayLoop (691 bytes)
Event: 34.437 Thread 0x000000001c7c3800 2688       3       com.google.common.base.AbstractIterator::next (34 bytes)
Event: 34.437 Thread 0x000000001c7c3800 nmethod 2688 0x0000000003a7bf10 code [0x0000000003a7c0a0, 0x0000000003a7c3f8]
Event: 34.447 Thread 0x000000001c7c3800 2689       3       net.thucydides.core.steps.ScreenplayInspector::isAScreenplayPerformAsMethod (43 bytes)
Event: 34.448 Thread 0x000000001c7c3800 nmethod 2689 0x0000000003a7c510 code [0x0000000003a7c6e0, 0x0000000003a7cf58]
Event: 34.448 Thread 0x000000001c7c3800 2690       3       net.thucydides.core.steps.ScreenplayInspector$$Lambda$85/1079190991::test (8 bytes)
Event: 34.448 Thread 0x000000001c7c3800 nmethod 2690 0x0000000003a7d1d0 code [0x0000000003a7d340, 0x0000000003a7d5a8]
Event: 34.449 Thread 0x000000001c7b0000 2691       4       java.lang.Class::reflectionData (49 bytes)
Event: 34.450 Thread 0x000000001c7c3800 2692       3       net.thucydides.core.model.stacktrace.StackTraceSanitizer::shouldDisplayInStackTrace (60 bytes)
Event: 34.451 Thread 0x000000001c7c3800 nmethod 2692 0x0000000003a7d650 code [0x0000000003a7d880, 0x0000000003a7e748]

GC Heap History (8 events):
Event: 1.557 GC heap before
{Heap before GC invocations=1 (full 0):
 PSYoungGen      total 76288K, used 65536K [0x000000076b200000, 0x0000000770700000, 0x00000007c0000000)
  eden space 65536K, 100% used [0x000000076b200000,0x000000076f200000,0x000000076f200000)
  from space 10752K, 0% used [0x000000076fc80000,0x000000076fc80000,0x0000000770700000)
  to   space 10752K, 0% used [0x000000076f200000,0x000000076f200000,0x000000076fc80000)
 ParOldGen       total 175104K, used 0K [0x00000006c1600000, 0x00000006cc100000, 0x000000076b200000)
  object space 175104K, 0% used [0x00000006c1600000,0x00000006c1600000,0x00000006cc100000)
 Metaspace       used 11486K, capacity 11688K, committed 11904K, reserved 1058816K
  class space    used 1465K, capacity 1552K, committed 1664K, reserved 1048576K
Event: 1.566 GC heap after
Heap after GC invocations=1 (full 0):
 PSYoungGen      total 76288K, used 8121K [0x000000076b200000, 0x0000000770700000, 0x00000007c0000000)
  eden space 65536K, 0% used [0x000000076b200000,0x000000076b200000,0x000000076f200000)
  from space 10752K, 75% used [0x000000076f200000,0x000000076f9ee728,0x000000076fc80000)
  to   space 10752K, 0% used [0x000000076fc80000,0x000000076fc80000,0x0000000770700000)
 ParOldGen       total 175104K, used 16K [0x00000006c1600000, 0x00000006cc100000, 0x000000076b200000)
  object space 175104K, 0% used [0x00000006c1600000,0x00000006c1604000,0x00000006cc100000)
 Metaspace       used 11486K, capacity 11688K, committed 11904K, reserved 1058816K
  class space    used 1465K, capacity 1552K, committed 1664K, reserved 1048576K
}
Event: 3.146 GC heap before
{Heap before GC invocations=2 (full 0):
 PSYoungGen      total 76288K, used 73657K [0x000000076b200000, 0x0000000770700000, 0x00000007c0000000)
  eden space 65536K, 100% used [0x000000076b200000,0x000000076f200000,0x000000076f200000)
  from space 10752K, 75% used [0x000000076f200000,0x000000076f9ee728,0x000000076fc80000)
  to   space 10752K, 0% used [0x000000076fc80000,0x000000076fc80000,0x0000000770700000)
 ParOldGen       total 175104K, used 16K [0x00000006c1600000, 0x00000006cc100000, 0x000000076b200000)
  object space 175104K, 0% used [0x00000006c1600000,0x00000006c1604000,0x00000006cc100000)
 Metaspace       used 20333K, capacity 20568K, committed 20864K, reserved 1067008K
  class space    used 2597K, capacity 2678K, committed 2688K, reserved 1048576K
Event: 3.157 GC heap after
Heap after GC invocations=2 (full 0):
 PSYoungGen      total 76288K, used 10492K [0x000000076b200000, 0x0000000770700000, 0x00000007c0000000)
  eden space 65536K, 0% used [0x000000076b200000,0x000000076b200000,0x000000076f200000)
  from space 10752K, 97% used [0x000000076fc80000,0x00000007706bf158,0x0000000770700000)
  to   space 10752K, 0% used [0x000000076f200000,0x000000076f200000,0x000000076fc80000)
 ParOldGen       total 175104K, used 32K [0x00000006c1600000, 0x00000006cc100000, 0x000000076b200000)
  object space 175104K, 0% used [0x00000006c1600000,0x00000006c1608000,0x00000006cc100000)
 Metaspace       used 20333K, capacity 20568K, committed 20864K, reserved 1067008K
  class space    used 2597K, capacity 2678K, committed 2688K, reserved 1048576K
}
Event: 3.193 GC heap before
{Heap before GC invocations=3 (full 0):
 PSYoungGen      total 76288K, used 14325K [0x000000076b200000, 0x0000000770700000, 0x00000007c0000000)
  eden space 65536K, 5% used [0x000000076b200000,0x000000076b5be4b8,0x000000076f200000)
  from space 10752K, 97% used [0x000000076fc80000,0x00000007706bf158,0x0000000770700000)
  to   space 10752K, 0% used [0x000000076f200000,0x000000076f200000,0x000000076fc80000)
 ParOldGen       total 175104K, used 32K [0x00000006c1600000, 0x00000006cc100000, 0x000000076b200000)
  object space 175104K, 0% used [0x00000006c1600000,0x00000006c1608000,0x00000006cc100000)
 Metaspace       used 20730K, capacity 21016K, committed 21248K, reserved 1067008K
  class space    used 2655K, capacity 2742K, committed 2816K, reserved 1048576K
Event: 3.200 GC heap after
Heap after GC invocations=3 (full 0):
 PSYoungGen      total 76288K, used 5688K [0x000000076b200000, 0x0000000774700000, 0x00000007c0000000)
  eden space 65536K, 0% used [0x000000076b200000,0x000000076b200000,0x000000076f200000)
  from space 10752K, 52% used [0x000000076f200000,0x000000076f78e0d8,0x000000076fc80000)
  to   space 10752K, 0% used [0x0000000773c80000,0x0000000773c80000,0x0000000774700000)
 ParOldGen       total 175104K, used 40K [0x00000006c1600000, 0x00000006cc100000, 0x000000076b200000)
  object space 175104K, 0% used [0x00000006c1600000,0x00000006c160a000,0x00000006cc100000)
 Metaspace       used 20730K, capacity 21016K, committed 21248K, reserved 1067008K
  class space    used 2655K, capacity 2742K, committed 2816K, reserved 1048576K
}
Event: 3.200 GC heap before
{Heap before GC invocations=4 (full 1):
 PSYoungGen      total 76288K, used 5688K [0x000000076b200000, 0x0000000774700000, 0x00000007c0000000)
  eden space 65536K, 0% used [0x000000076b200000,0x000000076b200000,0x000000076f200000)
  from space 10752K, 52% used [0x000000076f200000,0x000000076f78e0d8,0x000000076fc80000)
  to   space 10752K, 0% used [0x0000000773c80000,0x0000000773c80000,0x0000000774700000)
 ParOldGen       total 175104K, used 40K [0x00000006c1600000, 0x00000006cc100000, 0x000000076b200000)
  object space 175104K, 0% used [0x00000006c1600000,0x00000006c160a000,0x00000006cc100000)
 Metaspace       used 20730K, capacity 21016K, committed 21248K, reserved 1067008K
  class space    used 2655K, capacity 2742K, committed 2816K, reserved 1048576K
Event: 3.242 GC heap after
Heap after GC invocations=4 (full 1):
 PSYoungGen      total 76288K, used 0K [0x000000076b200000, 0x0000000774700000, 0x00000007c0000000)
  eden space 65536K, 0% used [0x000000076b200000,0x000000076b200000,0x000000076f200000)
  from space 10752K, 0% used [0x000000076f200000,0x000000076f200000,0x000000076fc80000)
  to   space 10752K, 0% used [0x0000000773c80000,0x0000000773c80000,0x0000000774700000)
 ParOldGen       total 84480K, used 5575K [0x00000006c1600000, 0x00000006c6880000, 0x000000076b200000)
  object space 84480K, 6% used [0x00000006c1600000,0x00000006c1b71c38,0x00000006c6880000)
 Metaspace       used 20730K, capacity 21016K, committed 21248K, reserved 1067008K
  class space    used 2655K, capacity 2742K, committed 2816K, reserved 1048576K
}

Deoptimization events (10 events):
Event: 4.775 Thread 0x00000000030aa000 Uncommon trap: reason=class_check action=maybe_recompile pc=0x0000000003394484 method=java.util.jar.JarFile.getJarEntry(Ljava/lang/String;)Ljava/util/jar/JarEntry; @ 2
Event: 5.146 Thread 0x00000000030aa000 Uncommon trap: reason=unstable_if action=reinterpret pc=0x0000000003949ba0 method=java.util.Arrays.equals([B[B)Z @ 2
Event: 5.228 Thread 0x00000000030aa000 Uncommon trap: reason=unstable_if action=reinterpret pc=0x00000000038a955c method=java.lang.CharacterDataLatin1.digit(II)I @ 82
Event: 5.262 Thread 0x00000000030aa000 Uncommon trap: reason=unstable_if action=reinterpret pc=0x000000000389f694 method=java.lang.CharacterDataLatin1.digit(II)I @ 82
Event: 5.790 Thread 0x00000000030aa000 Uncommon trap: reason=class_check action=maybe_recompile pc=0x000000000384005c method=org.openqa.selenium.json.Input.init()V @ 18
Event: 5.790 Thread 0x00000000030aa000 Uncommon trap: reason=class_check action=maybe_recompile pc=0x000000000384005c method=org.openqa.selenium.json.Input.init()V @ 18
Event: 5.790 Thread 0x00000000030aa000 Uncommon trap: reason=class_check action=maybe_recompile pc=0x000000000384005c method=org.openqa.selenium.json.Input.init()V @ 18
Event: 5.790 Thread 0x00000000030aa000 Uncommon trap: reason=class_check action=maybe_recompile pc=0x000000000384005c method=org.openqa.selenium.json.Input.init()V @ 18
Event: 5.926 Thread 0x00000000030aa000 Uncommon trap: reason=unstable_if action=reinterpret pc=0x00000000035ddf78 method=java.util.regex.Pattern$BmpCharProperty.match(Ljava/util/regex/Matcher;ILjava/lang/CharSequence;)Z @ 34
Event: 34.427 Thread 0x00000000030aa000 Uncommon trap: reason=unstable_if action=reinterpret pc=0x0000000003a14068 method=com.google.common.collect.RegularImmutableMap.get(Ljava/lang/Object;[Lcom/google/common/collect/ImmutableMapEntry;I)Ljava/lang/Object; @ 5

Classes redefined (0 events):
No events

Internal exceptions (10 events):
Event: 9.709 Thread 0x00000000030aa000 Exception <a 'java/lang/NoSuchMethodError': java.lang.Object.lambda$getResponseFunction$0(Lorg/openqa/selenium/remote/InitialHandshakeResponse;)Lorg/openqa/selenium/remote/ProtocolHandshake$Result;> (0x000000076e553a70) thrown at [C:\re\workspace\8-2-buil
Event: 9.753 Thread 0x00000000030aa000 Exception <a 'java/net/SocketTimeoutException': Read timed out> (0x000000076e6cb3b0) thrown at [C:\re\workspace\8-2-build-windows-amd64-cygwin\jdk8u221\13320\hotspot\src\share\vm\prims\jni.cpp, line 736]
Event: 9.772 Thread 0x00000000030aa000 Exception <a 'java/net/SocketTimeoutException': Read timed out> (0x000000076e7071f8) thrown at [C:\re\workspace\8-2-build-windows-amd64-cygwin\jdk8u221\13320\hotspot\src\share\vm\prims\jni.cpp, line 736]
Event: 34.279 Thread 0x00000000030aa000 Exception <a 'java/net/SocketTimeoutException': Read timed out> (0x000000076e71d6e0) thrown at [C:\re\workspace\8-2-build-windows-amd64-cygwin\jdk8u221\13320\hotspot\src\share\vm\prims\jni.cpp, line 736]
Event: 34.316 Thread 0x00000000030aa000 Exception <a 'java/net/SocketTimeoutException': Read timed out> (0x000000076e7602e8) thrown at [C:\re\workspace\8-2-build-windows-amd64-cygwin\jdk8u221\13320\hotspot\src\share\vm\prims\jni.cpp, line 736]
Event: 34.352 Thread 0x00000000030aa000 Exception <a 'java/net/SocketTimeoutException': Read timed out> (0x000000076e789348) thrown at [C:\re\workspace\8-2-build-windows-amd64-cygwin\jdk8u221\13320\hotspot\src\share\vm\prims\jni.cpp, line 736]
Event: 34.422 Thread 0x00000000030aa000 Exception <a 'java/lang/NoSuchMethodError': java.lang.Object.lambda$comparingInt$7b0bb60$1(Ljava/util/function/ToIntFunction;Ljava/lang/Object;Ljava/lang/Object;)I> (0x000000076e989c28) thrown at [C:\re\workspace\8-2-build-windows-amd64-cygwin\jdk8u221\13
Event: 34.427 Thread 0x00000000030aa000 Implicit null exception at 0x0000000003a13df3 to 0x0000000003a14051
Event: 34.427 Thread 0x00000000030aa000 Exception <a 'java/lang/NoSuchMethodError': java.lang.Object.lambda$comparing$77a9974f$1(Ljava/util/function/Function;Ljava/lang/Object;Ljava/lang/Object;)I> (0x000000076e9b1bf8) thrown at [C:\re\workspace\8-2-build-windows-amd64-cygwin\jdk8u221\13320\hot
Event: 34.444 Thread 0x00000000030aa000 Exception <a 'java/lang/IncompatibleClassChangeError': Found class java.lang.Object, but interface was expected> (0x000000076ea75db0) thrown at [C:\re\workspace\8-2-build-windows-amd64-cygwin\jdk8u221\13320\hotspot\src\share\vm\interpreter\linkResolver.cp

Events (10 events):
Event: 34.437 Thread 0x00000000030aa000 DEOPT PACKING pc=0x00000000036f3ecb sp=0x000000000306d990
Event: 34.437 Thread 0x00000000030aa000 DEOPT UNPACKING pc=0x00000000031e7890 sp=0x000000000306d7a8 mode 0
Event: 34.438 loading class io/vavr/collection/List$Cons
Event: 34.438 loading class io/vavr/collection/List$Cons done
Event: 34.444 loading class io/vavr/collection/List
Event: 34.444 loading class io/vavr/collection/List done
Event: 34.444 loading class io/vavr/collection/List
Event: 34.444 loading class io/vavr/collection/List done
Event: 34.452 loading class org/openqa/selenium/remote/RemoteWebDriver$RemoteTargetLocator
Event: 34.452 loading class org/openqa/selenium/remote/RemoteWebDriver$RemoteTargetLocator done


Dynamic libraries:
0x00007ff76f000000 - 0x00007ff76f037000 	C:\Program Files\Java\jre1.8.0_221\bin\javaw.exe
0x00007ff965ee0000 - 0x00007ff9660d0000 	C:\WINDOWS\SYSTEM32\ntdll.dll
0x00007ff9640c0000 - 0x00007ff964172000 	C:\WINDOWS\System32\KERNEL32.DLL
0x00007ff9639e0000 - 0x00007ff963c84000 	C:\WINDOWS\System32\KERNELBASE.dll
0x00007ff9647f0000 - 0x00007ff964893000 	C:\WINDOWS\System32\ADVAPI32.dll
0x00007ff9648b0000 - 0x00007ff96494e000 	C:\WINDOWS\System32\msvcrt.dll
0x00007ff964210000 - 0x00007ff9642a7000 	C:\WINDOWS\System32\sechost.dll
0x00007ff965d80000 - 0x00007ff965ea0000 	C:\WINDOWS\System32\RPCRT4.dll
0x00007ff965be0000 - 0x00007ff965d74000 	C:\WINDOWS\System32\USER32.dll
0x00007ff963ee0000 - 0x00007ff963f01000 	C:\WINDOWS\System32\win32u.dll
0x00007ff9647c0000 - 0x00007ff9647e6000 	C:\WINDOWS\System32\GDI32.dll
0x00007ff9635f0000 - 0x00007ff963785000 	C:\WINDOWS\System32\gdi32full.dll
0x00007ff9638a0000 - 0x00007ff96393e000 	C:\WINDOWS\System32\msvcp_win.dll
0x00007ff963c90000 - 0x00007ff963d8a000 	C:\WINDOWS\System32\ucrtbase.dll
0x00007ff955740000 - 0x00007ff9559c4000 	C:\WINDOWS\WinSxS\amd64_microsoft.windows.common-controls_6595b64144ccf1df_6.0.18362.900_none_e6beb9d913147d17\COMCTL32.dll
0x00007ff965770000 - 0x00007ff965aa5000 	C:\WINDOWS\System32\combase.dll
0x00007ff963940000 - 0x00007ff9639c0000 	C:\WINDOWS\System32\bcryptPrimitives.dll
0x00007ff964790000 - 0x00007ff9647be000 	C:\WINDOWS\System32\IMM32.DLL
0x000000006e9f0000 - 0x000000006eac2000 	C:\Program Files\Java\jre1.8.0_221\bin\msvcr100.dll
0x000000006e0b0000 - 0x000000006e955000 	C:\Program Files\Java\jre1.8.0_221\bin\server\jvm.dll
0x00007ff9648a0000 - 0x00007ff9648a8000 	C:\WINDOWS\System32\PSAPI.DLL
0x00007ff954530000 - 0x00007ff95453a000 	C:\WINDOWS\SYSTEM32\VERSION.dll
0x00007ff95f8f0000 - 0x00007ff95f914000 	C:\WINDOWS\SYSTEM32\WINMM.dll
0x00007ff954060000 - 0x00007ff954069000 	C:\WINDOWS\SYSTEM32\WSOCK32.dll
0x00007ff964d90000 - 0x00007ff964dff000 	C:\WINDOWS\System32\WS2_32.dll
0x00007ff95f8c0000 - 0x00007ff95f8ed000 	C:\WINDOWS\SYSTEM32\winmmbase.dll
0x00007ff963f40000 - 0x00007ff963f8a000 	C:\WINDOWS\System32\cfgmgr32.dll
0x00007ff9532f0000 - 0x00007ff9532ff000 	C:\Program Files\Java\jre1.8.0_221\bin\verify.dll
0x00007ff952d80000 - 0x00007ff952da9000 	C:\Program Files\Java\jre1.8.0_221\bin\java.dll
0x00007ff952920000 - 0x00007ff952936000 	C:\Program Files\Java\jre1.8.0_221\bin\zip.dll
0x00007ff965080000 - 0x00007ff965766000 	C:\WINDOWS\System32\SHELL32.dll
0x00007ff965b30000 - 0x00007ff965bd9000 	C:\WINDOWS\System32\shcore.dll
0x00007ff962e70000 - 0x00007ff9635f0000 	C:\WINDOWS\System32\windows.storage.dll
0x00007ff962e40000 - 0x00007ff962e63000 	C:\WINDOWS\System32\profapi.dll
0x00007ff962dd0000 - 0x00007ff962e1a000 	C:\WINDOWS\System32\powrprof.dll
0x00007ff962da0000 - 0x00007ff962db0000 	C:\WINDOWS\System32\UMPDC.dll
0x00007ff964d30000 - 0x00007ff964d82000 	C:\WINDOWS\System32\shlwapi.dll
0x00007ff962db0000 - 0x00007ff962dc1000 	C:\WINDOWS\System32\kernel.appcore.dll
0x00007ff9639c0000 - 0x00007ff9639d7000 	C:\WINDOWS\System32\cryptsp.dll
0x00007ff952730000 - 0x00007ff95274a000 	C:\Program Files\Java\jre1.8.0_221\bin\net.dll
0x00007ff956f40000 - 0x00007ff957116000 	C:\WINDOWS\SYSTEM32\urlmon.dll
0x00007ff957440000 - 0x00007ff9576e6000 	C:\WINDOWS\SYSTEM32\iertutil.dll
0x00007ff9627e0000 - 0x00007ff9627ec000 	C:\WINDOWS\SYSTEM32\CRYPTBASE.DLL
0x00007ff962610000 - 0x00007ff962677000 	C:\WINDOWS\system32\mswsock.dll
0x00007ff9392c0000 - 0x00007ff9392d2000 	C:\Program Files\Java\jre1.8.0_221\bin\nio.dll
0x00007ff962360000 - 0x00007ff96242b000 	C:\WINDOWS\SYSTEM32\DNSAPI.dll
0x00007ff964310000 - 0x00007ff964318000 	C:\WINDOWS\System32\NSI.dll
0x00007ff962320000 - 0x00007ff96235a000 	C:\WINDOWS\SYSTEM32\IPHLPAPI.DLL
0x00007ff954040000 - 0x00007ff95404a000 	C:\Windows\System32\rasadhlp.dll
0x00007ff957120000 - 0x00007ff957197000 	C:\WINDOWS\System32\fwpuclnt.dll
0x00007ff963f10000 - 0x00007ff963f36000 	C:\WINDOWS\System32\bcrypt.dll
0x00007ff9343c0000 - 0x00007ff9343e4000 	C:\Program Files\Java\jre1.8.0_221\bin\sunec.dll
0x00007ff95ae40000 - 0x00007ff95ae4b000 	C:\Program Files\Java\jre1.8.0_221\bin\sunmscapi.dll
0x00007ff963d90000 - 0x00007ff963ed9000 	C:\WINDOWS\System32\CRYPT32.dll
0x00007ff962e20000 - 0x00007ff962e32000 	C:\WINDOWS\System32\MSASN1.dll
0x00007ff959560000 - 0x00007ff959576000 	C:\WINDOWS\SYSTEM32\dhcpcsvc6.DLL
0x00007ff95ae50000 - 0x00007ff95ae6c000 	C:\WINDOWS\SYSTEM32\dhcpcsvc.DLL
0x00007ff962180000 - 0x00007ff9621b3000 	C:\WINDOWS\system32\rsaenh.dll
0x00007ff962cc0000 - 0x00007ff962ce5000 	C:\WINDOWS\SYSTEM32\USERENV.dll
0x00007ff939280000 - 0x00007ff939296000 	C:\WINDOWS\system32\napinsp.dll
0x00007ff938980000 - 0x00007ff93899a000 	C:\WINDOWS\system32\pnrpnsp.dll
0x00007ff9530c0000 - 0x00007ff9530ce000 	C:\WINDOWS\System32\winrnr.dll
0x00007ff95f9f0000 - 0x00007ff95fa0c000 	C:\WINDOWS\system32\NLAapi.dll
0x00007ff943d80000 - 0x00007ff943d95000 	C:\WINDOWS\system32\wshbth.dll

VM Arguments:
jvm_args: -ea -Dfile.encoding=UTF-8 
java_command: org.eclipse.jdt.internal.junit.runner.RemoteTestRunner -version 3 -port 62560 -testLoaderClass org.eclipse.jdt.internal.junit4.runner.JUnit4TestLoader -loaderpluginname org.eclipse.jdt.junit4.runtime -classNames net.thucydides.showcase.cucumber.VerifyIncidentNumber
java_class_path (initial): C:\Users\Dell\git\ServiceNow_Serenity\target\test-classes;C:\Users\Dell\git\ServiceNow_Serenity\target\classes;C:\Users\Dell\.m2\repository\net\serenity-bdd\serenity-core\2.0.30\serenity-core-2.0.30.jar;C:\Users\Dell\.m2\repository\com\google\guava\guava\25.0-jre\guava-25.0-jre.jar;C:\Users\Dell\.m2\repository\com\google\code\findbugs\jsr305\1.3.9\jsr305-1.3.9.jar;C:\Users\Dell\.m2\repository\org\checkerframework\checker-compat-qual\2.0.0\checker-compat-qual-2.0.0.jar;C:\Users\Dell\.m2\repository\com\google\errorprone\error_prone_annotations\2.1.3\error_prone_annotations-2.1.3.jar;C:\Users\Dell\.m2\repository\com\google\j2objc\j2objc-annotations\1.1\j2objc-annotations-1.1.jar;C:\Users\Dell\.m2\repository\org\codehaus\mojo\animal-sniffer-annotations\1.14\animal-sniffer-annotations-1.14.jar;C:\Users\Dell\.m2\repository\com\google\inject\guice\4.2.0\guice-4.2.0.jar;C:\Users\Dell\.m2\repository\javax\inject\javax.inject\1\javax.inject-1.jar;C:\Users\Dell\.m2\repository\aopalliance\aopalliance\1.0\aopalliance-1.0.jar;C:\Users\Dell\.m2\repository\cglib\cglib\3.2.5\cglib-3.2.5.jar;C:\Users\Dell\.m2\repository\org\apache\ant\ant\1.9.6\ant-1.9.6.jar;C:\Users\Dell\.m2\repository\org\apache\ant\ant-launcher\1.9.6\ant-launcher-1.9.6.jar;C:\Users\Dell\.m2\repository\org\ow2\asm\asm\5.0.3\asm-5.0.3.jar;C:\Users\Dell\.m2\repository\commons-codec\commons-codec\1.10\commons-codec-1.10.jar;C:\Users\Dell\.m2\repository\org\objenesis\objenesis\2.6\objenesis-2.6.jar;C:\Users\Dell\.m2\repository\org\slf4j\slf4j-api\1.7.25\slf4j-api-1.7.25.jar;C:\Users\Dell\.m2\repository\xml-apis\xml-apis\1.4.01\xml-apis-1.4.01.jar;C:\Users\Dell\.m2\repository\io\cucumber\cucumber-core\2.4.0\cucumber-core-2.4.0.jar;C:\Users\Dell\.m2\repository\info\cukes\cucumber-html\0.2.6\cucumber-html-0.2.6.jar;C:\Users\Dell\.m2\repository\io\cucumber\cucumber-jvm-deps\1.0.6\cucumber-jvm-deps-1.0.6.jar;C:\Users\Dell\.m2\repository\io\cucumber\gherkin\5.0.0\gherkin-5.0.0.jar;C:\Users\Dell\.
Launcher Type: SUN_STANDARD

Environment Variables:
PATH=C:/Program Files/Java/jre1.8.0_221/bin/server;C:/Program Files/Java/jre1.8.0_221/bin;C:/Program Files/Java/jre1.8.0_221/lib/amd64;C:\Program Files (x86)\Common Files\Oracle\Java\javapath;C:\WINDOWS\system32;C:\WINDOWS;C:\WINDOWS\System32\Wbem;C:\WINDOWS\System32\WindowsPowerShell\v1.0\;C:\WINDOWS\System32\OpenSSH\;C:\Users\Dell\AppData\Local\Programs\Python\Python37-32\python.exe;C:\Program Files\Java\jdk1.8.0_221\bin;C:\Program Files\maven\apache-maven-3.6.3\bin;C:\Program Files\Git\cmd;C:\Users\Dell\AppData\Local\Microsoft\WindowsApps;C:\Users\Dell\AppData\Local\Programs\Python\Python37-32\python.exe;;C:\Users\Dell\Downloads\eclipse-jee-neon-3-win32-x86_64\eclipse;
USERNAME=Dell
OS=Windows_NT
PROCESSOR_IDENTIFIER=Intel64 Family 6 Model 69 Stepping 1, GenuineIntel



---------------  S Y S T E M  ---------------

OS: Windows 10.0 , 64 bit Build 18362 (10.0.18362.900)

CPU:total 4 (initial active 4) (2 cores per cpu, 2 threads per core) family 6 model 69 stepping 1, cmov, cx8, fxsr, mmx, sse, sse2, sse3, ssse3, sse4.1, sse4.2, popcnt, avx, avx2, aes, clmul, erms, lzcnt, ht, tsc, tscinvbit, bmi1, bmi2

Memory: 4k page, physical 16680412k(3426580k free), swap 47804356k(264k free)

vm_info: Java HotSpot(TM) 64-Bit Server VM (25.221-b11) for windows-amd64 JRE (1.8.0_221-b11), built on Jul  4 2019 04:39:29 by "java_re" with MS VC++ 10.0 (VS2010)

time: Mon Jun 15 21:51:37 2020
timezone: India Standard Time
elapsed time: 34 seconds (0d 0h 0m 34s)

